app/build/intermediates/manifest_merge_blame_file/debug/manifest-merger-blame-debug-report.txt
1<?xml version="1.0" encoding="utf-8"?>
2<manifest xmlns:android="http://schemas.android.com/apk/res/android"
3    package="com.example.songsapp"
4    android:versionCode="1"
5    android:versionName="1.0" >
6
7    <uses-sdk
8        android:minSdkVersion="16"
8-->src/main/AndroidManifest.xml
9        android:targetSdkVersion="30" />
9-->src/main/AndroidManifest.xml
10
11    <!-- Although the *SdkVersion is captured in gradle build files, this is required for non gradle builds -->
12    <!-- <uses-sdk android:minSdkVersion="14"/> -->
13    <uses-permission android:name="android.permission.ACCESS_NETWORK_STATE" />
13-->[com.google.firebase:firebase-storage:19.2.0] AndroidManifest.xml:26:5-79
13-->[com.google.firebase:firebase-storage:19.2.0] AndroidManifest.xml:26:22-76
14    <uses-permission android:name="android.permission.INTERNET" />
14-->[com.google.firebase:firebase-storage:19.2.0] AndroidManifest.xml:27:5-67
14-->[com.google.firebase:firebase-storage:19.2.0] AndroidManifest.xml:27:22-64
15    <uses-permission android:name="android.permission.WAKE_LOCK" />
15-->[com.google.android.gms:play-services-measurement-api:18.0.0] AndroidManifest.xml:24:5-68
15-->[com.google.android.gms:play-services-measurement-api:18.0.0] AndroidManifest.xml:24:22-65
16    <uses-permission android:name="com.google.android.finsky.permission.BIND_GET_INSTALL_REFERRER_SERVICE" />
16-->[com.google.android.gms:play-services-measurement:18.0.0] AndroidManifest.xml:26:5-110
16-->[com.google.android.gms:play-services-measurement:18.0.0] AndroidManifest.xml:26:22-107
17
18    <application
18-->src/main/AndroidManifest.xml:5:5-31:19
19        android:allowBackup="true"
19-->src/main/AndroidManifest.xml:6:9-35
20        android:appComponentFactory="androidx.core.app.CoreComponentFactory"
20-->[androidx.core:core:1.3.0] AndroidManifest.xml:24:18-86
21        android:debuggable="true"
22        android:icon="@mipmap/ic_launcher"
22-->src/main/AndroidManifest.xml:7:9-43
23        android:label="@string/app_name"
23-->src/main/AndroidManifest.xml:8:9-41
24        android:roundIcon="@mipmap/ic_launcher_round"
24-->src/main/AndroidManifest.xml:9:9-54
25        android:supportsRtl="true"
25-->src/main/AndroidManifest.xml:10:9-35
26        android:testOnly="true"
27        android:theme="@style/AppTheme" >
27-->src/main/AndroidManifest.xml:11:9-40
28        <activity
28-->src/main/AndroidManifest.xml:12:9-14:57
29            android:name="com.example.songsapp.Travis_greenActivity"
29-->src/main/AndroidManifest.xml:13:13-49
30            android:label="@string/travis_green_name" />
30-->src/main/AndroidManifest.xml:14:13-54
31        <activity
31-->src/main/AndroidManifest.xml:15:9-17:57
32            android:name="com.example.songsapp.Frank_edwardActivity"
32-->src/main/AndroidManifest.xml:16:13-49
33            android:label="@string/frank_edward_name" />
33-->src/main/AndroidManifest.xml:17:13-54
34        <activity
34-->src/main/AndroidManifest.xml:18:9-20:57
35            android:name="com.example.songsapp.Mercy_chinwoActivity"
35-->src/main/AndroidManifest.xml:19:13-49
36            android:label="@string/mercy_chinwo_name" />
36-->src/main/AndroidManifest.xml:20:13-54
37        <activity
37-->src/main/AndroidManifest.xml:21:9-23:52
38            android:name="com.example.songsapp.JudikayActivity"
38-->src/main/AndroidManifest.xml:22:13-44
39            android:label="@string/judikay_name" />
39-->src/main/AndroidManifest.xml:23:13-49
40        <activity android:name="com.example.songsapp.MainActivity" >
40-->src/main/AndroidManifest.xml:24:9-30:20
40-->src/main/AndroidManifest.xml:24:19-47
41            <intent-filter>
41-->src/main/AndroidManifest.xml:25:13-29:29
42                <action android:name="android.intent.action.MAIN" />
42-->src/main/AndroidManifest.xml:26:17-69
42-->src/main/AndroidManifest.xml:26:25-66
43
44                <category android:name="android.intent.category.LAUNCHER" />
44-->src/main/AndroidManifest.xml:28:17-77
44-->src/main/AndroidManifest.xml:28:27-74
45            </intent-filter>
46        </activity>
47
48        <service
48-->[com.google.firebase:firebase-storage:19.2.0] AndroidManifest.xml:30:9-36:19
49            android:name="com.google.firebase.components.ComponentDiscoveryService"
49-->[com.google.firebase:firebase-storage:19.2.0] AndroidManifest.xml:31:13-84
50            android:directBootAware="true"
50-->[com.google.firebase:firebase-common:19.4.0] AndroidManifest.xml:35:13-43
51            android:exported="false" >
51-->[com.google.firebase:firebase-storage:19.2.0] AndroidManifest.xml:32:13-37
52            <meta-data
52-->[com.google.firebase:firebase-storage:19.2.0] AndroidManifest.xml:33:13-35:85
53                android:name="com.google.firebase.components:com.google.firebase.storage.StorageRegistrar"
53-->[com.google.firebase:firebase-storage:19.2.0] AndroidManifest.xml:34:17-107
54                android:value="com.google.firebase.components.ComponentRegistrar" />
54-->[com.google.firebase:firebase-storage:19.2.0] AndroidManifest.xml:35:17-82
55            <meta-data
55-->[com.google.android.gms:play-services-measurement-api:18.0.0] AndroidManifest.xml:30:13-32:85
56                android:name="com.google.firebase.components:com.google.firebase.analytics.connector.internal.AnalyticsConnectorRegistrar"
56-->[com.google.android.gms:play-services-measurement-api:18.0.0] AndroidManifest.xml:31:17-139
57                android:value="com.google.firebase.components.ComponentRegistrar" />
57-->[com.google.android.gms:play-services-measurement-api:18.0.0] AndroidManifest.xml:32:17-82
58            <meta-data
58-->[com.google.firebase:firebase-installations:16.3.4] AndroidManifest.xml:18:13-20:85
59                android:name="com.google.firebase.components:com.google.firebase.installations.FirebaseInstallationsRegistrar"
59-->[com.google.firebase:firebase-installations:16.3.4] AndroidManifest.xml:19:17-127
60                android:value="com.google.firebase.components.ComponentRegistrar" />
60-->[com.google.firebase:firebase-installations:16.3.4] AndroidManifest.xml:20:17-82
61        </service>
62
63        <provider
63-->[com.google.firebase:firebase-common:19.4.0] AndroidManifest.xml:26:9-31:39
64            android:name="com.google.firebase.provider.FirebaseInitProvider"
64-->[com.google.firebase:firebase-common:19.4.0] AndroidManifest.xml:27:13-77
65            android:authorities="com.example.songsapp.firebaseinitprovider"
65-->[com.google.firebase:firebase-common:19.4.0] AndroidManifest.xml:28:13-72
66            android:directBootAware="true"
66-->[com.google.firebase:firebase-common:19.4.0] AndroidManifest.xml:29:13-43
67            android:exported="false"
67-->[com.google.firebase:firebase-common:19.4.0] AndroidManifest.xml:30:13-37
68            android:initOrder="100" />
68-->[com.google.firebase:firebase-common:19.4.0] AndroidManifest.xml:31:13-36
69
70        <activity
70-->[com.google.android.gms:play-services-base:17.0.0] AndroidManifest.xml:23:9-26:75
71            android:name="com.google.android.gms.common.api.GoogleApiActivity"
71-->[com.google.android.gms:play-services-base:17.0.0] AndroidManifest.xml:24:13-79
72            android:exported="false"
72-->[com.google.android.gms:play-services-base:17.0.0] AndroidManifest.xml:25:13-37
73            android:theme="@android:style/Theme.Translucent.NoTitleBar" />
73-->[com.google.android.gms:play-services-base:17.0.0] AndroidManifest.xml:26:13-72
74
75        <receiver
75-->[com.google.android.gms:play-services-measurement:18.0.0] AndroidManifest.xml:29:9-33:20
76            android:name="com.google.android.gms.measurement.AppMeasurementReceiver"
76-->[com.google.android.gms:play-services-measurement:18.0.0] AndroidManifest.xml:30:13-85
77            android:enabled="true"
77-->[com.google.android.gms:play-services-measurement:18.0.0] AndroidManifest.xml:31:13-35
78            android:exported="false" >
78-->[com.google.android.gms:play-services-measurement:18.0.0] AndroidManifest.xml:32:13-37
79        </receiver>
80
81        <service
81-->[com.google.android.gms:play-services-measurement:18.0.0] AndroidManifest.xml:35:9-38:40
82            android:name="com.google.android.gms.measurement.AppMeasurementService"
82-->[com.google.android.gms:play-services-measurement:18.0.0] AndroidManifest.xml:36:13-84
83            android:enabled="true"
83-->[com.google.android.gms:play-services-measurement:18.0.0] AndroidManifest.xml:37:13-35
84            android:exported="false" />
84-->[com.google.android.gms:play-services-measurement:18.0.0] AndroidManifest.xml:38:13-37
85        <service
85-->[com.google.android.gms:play-services-measurement:18.0.0] AndroidManifest.xml:39:9-43:72
86            android:name="com.google.android.gms.measurement.AppMeasurementJobService"
86-->[com.google.android.gms:play-services-measurement:18.0.0] AndroidManifest.xml:40:13-87
87            android:enabled="true"
87-->[com.google.android.gms:play-services-measurement:18.0.0] AndroidManifest.xml:41:13-35
88            android:exported="false"
88-->[com.google.android.gms:play-services-measurement:18.0.0] AndroidManifest.xml:42:13-37
89            android:permission="android.permission.BIND_JOB_SERVICE" />
89-->[com.google.android.gms:play-services-measurement:18.0.0] AndroidManifest.xml:43:13-69
90
91        <meta-data
91-->[com.google.android.gms:play-services-basement:17.0.0] AndroidManifest.xml:23:9-25:69
92            android:name="com.google.android.gms.version"
92-->[com.google.android.gms:play-services-basement:17.0.0] AndroidManifest.xml:24:13-58
93            android:value="@integer/google_play_services_version" />
93-->[com.google.android.gms:play-services-basement:17.0.0] AndroidManifest.xml:25:13-66
94    </application>
95
96</manifest>